# JRE version: Java(TM) SE Runtime Environment (17.0.2+8) (build 17.0.2+8-LTS-86)
# Java VM: Java HotSpot(TM) 64-Bit Server VM (17.0.2+8-LTS-86, mixed mode, sharing, tiered, compressed oops, compressed class ptrs, g1 gc, windows-amd64)
GC Precious Log:
 CPUs: 4 total, 4 available
 Memory: 16322M
 Large Page Support: Disabled
 NUMA Support: Disabled
 Compressed Oops: Enabled (Zero based)
 Heap Region Size: 2M
 Heap Min Capacity: 8M
 Heap Initial Capacity: 256M
 Heap Max Capacity: 4082M
 Pre-touch: Disabled
 Parallel Workers: 4
 Concurrent Workers: 1
 Concurrent Refinement Workers: 4
 Periodic GC: Disabled
Heap:
 garbage-first heap   total 884736K, used 278528K [0x0000000700e00000, 0x0000000800000000)
  region size 2048K, 4 young (8192K), 4 survivors (8192K)
 Metaspace       used 20428K, committed 20800K, reserved 1073152K
  class space    used 2878K, committed 3072K, reserved 1048576K
GC Heap History (20 events):
Event: 5.941 GC heap after
{Heap after GC invocations=5 (full 0):
 garbage-first heap   total 262144K, used 32278K [0x0000000700e00000, 0x0000000800000000)
  region size 2048K, 1 young (2048K), 1 survivors (2048K)
 Metaspace       used 19912K, committed 20224K, reserved 1073152K
  class space    used 2853K, committed 2944K, reserved 1048576K
}
Event: 6.168 GC heap before
{Heap before GC invocations=5 (full 0):
 garbage-first heap   total 262144K, used 75286K [0x0000000700e00000, 0x0000000800000000)
  region size 2048K, 22 young (45056K), 1 survivors (2048K)
 Metaspace       used 19932K, committed 20224K, reserved 1073152K
  class space    used 2853K, committed 2944K, reserved 1048576K
}
Event: 6.186 GC heap after
{Heap after GC invocations=6 (full 0):
 garbage-first heap   total 262144K, used 42488K [0x0000000700e00000, 0x0000000800000000)
  region size 2048K, 3 young (6144K), 3 survivors (6144K)
 Metaspace       used 19932K, committed 20224K, reserved 1073152K
  class space    used 2853K, committed 2944K, reserved 1048576K
}
Event: 6.393 GC heap before
{Heap before GC invocations=6 (full 0):
 garbage-first heap   total 262144K, used 93688K [0x0000000700e00000, 0x0000000800000000)
  region size 2048K, 28 young (57344K), 3 survivors (6144K)
 Metaspace       used 19935K, committed 20224K, reserved 1073152K
  class space    used 2853K, committed 2944K, reserved 1048576K
}
Event: 6.419 GC heap after
{Heap after GC invocations=7 (full 0):
 garbage-first heap   total 442368K, used 53764K [0x0000000700e00000, 0x0000000800000000)
  region size 2048K, 4 young (8192K), 4 survivors (8192K)
 Metaspace       used 19935K, committed 20224K, reserved 1073152K
  class space    used 2853K, committed 2944K, reserved 1048576K
}
Event: 6.743 GC heap before
{Heap before GC invocations=7 (full 0):
 garbage-first heap   total 442368K, used 115204K [0x0000000700e00000, 0x0000000800000000)
  region size 2048K, 32 young (65536K), 4 survivors (8192K)
 Metaspace       used 19984K, committed 20224K, reserved 1073152K
  class space    used 2854K, committed 2944K, reserved 1048576K
}
Event: 6.776 GC heap after
{Heap after GC invocations=8 (full 0):
 garbage-first heap   total 442368K, used 68756K [0x0000000700e00000, 0x0000000800000000)
  region size 2048K, 4 young (8192K), 4 survivors (8192K)
 Metaspace       used 19984K, committed 20224K, reserved 1073152K
  class space    used 2854K, committed 2944K, reserved 1048576K
}
Event: 7.218 GC heap before
{Heap before GC invocations=8 (full 0):
 garbage-first heap   total 442368K, used 160916K [0x0000000700e00000, 0x0000000800000000)
  region size 2048K, 49 young (100352K), 4 survivors (8192K)
 Metaspace       used 20057K, committed 20288K, reserved 1073152K
  class space    used 2855K, committed 2944K, reserved 1048576K
}
Event: 7.268 GC heap after
{Heap after GC invocations=9 (full 0):
 garbage-first heap   total 442368K, used 93533K [0x0000000700e00000, 0x0000000800000000)
  region size 2048K, 7 young (14336K), 7 survivors (14336K)
 Metaspace       used 20057K, committed 20288K, reserved 1073152K
  class space    used 2855K, committed 2944K, reserved 1048576K
}
Event: 7.542 GC heap before
{Heap before GC invocations=9 (full 0):
 garbage-first heap   total 442368K, used 197981K [0x0000000700e00000, 0x0000000800000000)
  region size 2048K, 55 young (112640K), 7 survivors (14336K)
 Metaspace       used 20057K, committed 20288K, reserved 1073152K
  class space    used 2855K, committed 2944K, reserved 1048576K
}
Event: 7.597 GC heap after
{Heap after GC invocations=10 (full 0):
 garbage-first heap   total 442368K, used 125688K [0x0000000700e00000, 0x0000000800000000)
  region size 2048K, 7 young (14336K), 7 survivors (14336K)
 Metaspace       used 20057K, committed 20288K, reserved 1073152K
  class space    used 2855K, committed 2944K, reserved 1048576K
}
Event: 7.996 GC heap before
{Heap before GC invocations=10 (full 0):
 garbage-first heap   total 442368K, used 193272K [0x0000000700e00000, 0x0000000800000000)
  region size 2048K, 40 young (81920K), 7 survivors (14336K)
 Metaspace       used 20110K, committed 20352K, reserved 1073152K
  class space    used 2855K, committed 2944K, reserved 1048576K
}
Event: 8.043 GC heap after
{Heap after GC invocations=11 (full 0):
 garbage-first heap   total 884736K, used 146432K [0x0000000700e00000, 0x0000000800000000)
  region size 2048K, 5 young (10240K), 5 survivors (10240K)
 Metaspace       used 20110K, committed 20352K, reserved 1073152K
  class space    used 2855K, committed 2944K, reserved 1048576K
}
Event: 8.947 GC heap before
{Heap before GC invocations=11 (full 0):
 garbage-first heap   total 884736K, used 254976K [0x0000000700e00000, 0x0000000800000000)
  region size 2048K, 58 young (118784K), 5 survivors (10240K)
 Metaspace       used 20184K, committed 20416K, reserved 1073152K
  class space    used 2855K, committed 2944K, reserved 1048576K
}
Event: 9.014 GC heap after
{Heap after GC invocations=12 (full 0):
 garbage-first heap   total 884736K, used 184320K [0x0000000700e00000, 0x0000000800000000)
  region size 2048K, 8 young (16384K), 8 survivors (16384K)
 Metaspace       used 20184K, committed 20416K, reserved 1073152K
  class space    used 2855K, committed 2944K, reserved 1048576K
}
Event: 9.822 GC heap before
{Heap before GC invocations=12 (full 0):
 garbage-first heap   total 884736K, used 266240K [0x0000000700e00000, 0x0000000800000000)
  region size 2048K, 48 young (98304K), 8 survivors (16384K)
 Metaspace       used 20428K, committed 20800K, reserved 1073152K
  class space    used 2878K, committed 3072K, reserved 1048576K
}
Event: 9.875 GC heap after
{Heap after GC invocations=13 (full 0):
 garbage-first heap   total 884736K, used 208896K [0x0000000700e00000, 0x0000000800000000)
  region size 2048K, 6 young (12288K), 6 survivors (12288K)
 Metaspace       used 20428K, committed 20800K, reserved 1073152K
  class space    used 2878K, committed 3072K, reserved 1048576K
}
Event: 10.153 GC heap before
{Heap before GC invocations=13 (full 0):
 garbage-first heap   total 884736K, used 335872K [0x0000000700e00000, 0x0000000800000000)
  region size 2048K, 63 young (129024K), 6 survivors (12288K)
 Metaspace       used 20428K, committed 20800K, reserved 1073152K
  class space    used 2878K, committed 3072K, reserved 1048576K
}
Event: 10.240 GC heap after
{Heap after GC invocations=14 (full 0):
 garbage-first heap   total 884736K, used 266240K [0x0000000700e00000, 0x0000000800000000)
  region size 2048K, 8 young (16384K), 8 survivors (16384K)
 Metaspace       used 20428K, committed 20800K, reserved 1073152K
  class space    used 2878K, committed 3072K, reserved 1048576K
}
Event: 10.357 GC heap before
{Heap before GC invocations=14 (full 0):
 garbage-first heap   total 884736K, used 309248K [0x0000000700e00000, 0x0000000800000000)
  region size 2048K, 29 young (59392K), 8 survivors (16384K)
 Metaspace       used 20428K, committed 20800K, reserved 1073152K
  class space    used 2878K, committed 3072K, reserved 1048576K
}

