# JRE version: Java(TM) SE Runtime Environment (17.0.2+8) (build 17.0.2+8-LTS-86)
# Java VM: Java HotSpot(TM) 64-Bit Server VM (17.0.2+8-LTS-86, mixed mode, sharing, tiered, compressed oops, compressed class ptrs, g1 gc, windows-amd64)
GC Precious Log:
 CPUs: 4 total, 4 available
 Memory: 16322M
 Large Page Support: Disabled
 NUMA Support: Disabled
 Compressed Oops: Enabled (Zero based)
 Heap Region Size: 2M
 Heap Min Capacity: 8M
 Heap Initial Capacity: 256M
 Heap Max Capacity: 4082M
 Pre-touch: Disabled
 Parallel Workers: 4
 Concurrent Workers: 1
 Concurrent Refinement Workers: 4
 Periodic GC: Disabled
Heap:
 garbage-first heap   total 962560K, used 263111K [0x0000000700e00000, 0x0000000800000000)
  region size 2048K, 9 young (18432K), 9 survivors (18432K)
 Metaspace       used 20234K, committed 20480K, reserved 1073152K
  class space    used 2837K, committed 2944K, reserved 1048576K
GC Heap History (20 events):
Event: 5.797 GC heap after
{Heap after GC invocations=5 (full 0):
 garbage-first heap   total 262144K, used 36731K [0x0000000700e00000, 0x0000000800000000)
  region size 2048K, 1 young (2048K), 1 survivors (2048K)
 Metaspace       used 19896K, committed 20160K, reserved 1073152K
  class space    used 2835K, committed 2944K, reserved 1048576K
}
Event: 5.900 GC heap before
{Heap before GC invocations=5 (full 0):
 garbage-first heap   total 262144K, used 67451K [0x0000000700e00000, 0x0000000800000000)
  region size 2048K, 16 young (32768K), 1 survivors (2048K)
 Metaspace       used 19913K, committed 20224K, reserved 1073152K
  class space    used 2835K, committed 2944K, reserved 1048576K
}
Event: 5.914 GC heap after
{Heap after GC invocations=6 (full 0):
 garbage-first heap   total 262144K, used 43716K [0x0000000700e00000, 0x0000000800000000)
  region size 2048K, 2 young (4096K), 2 survivors (4096K)
 Metaspace       used 19913K, committed 20224K, reserved 1073152K
  class space    used 2835K, committed 2944K, reserved 1048576K
}
Event: 6.089 GC heap before
{Heap before GC invocations=6 (full 0):
 garbage-first heap   total 262144K, used 99012K [0x0000000700e00000, 0x0000000800000000)
  region size 2048K, 27 young (55296K), 2 survivors (4096K)
 Metaspace       used 19916K, committed 20224K, reserved 1073152K
  class space    used 2835K, committed 2944K, reserved 1048576K
}
Event: 6.117 GC heap after
{Heap after GC invocations=7 (full 0):
 garbage-first heap   total 481280K, used 60866K [0x0000000700e00000, 0x0000000800000000)
  region size 2048K, 4 young (8192K), 4 survivors (8192K)
 Metaspace       used 19916K, committed 20224K, reserved 1073152K
  class space    used 2835K, committed 2944K, reserved 1048576K
}
Event: 6.345 GC heap before
{Heap before GC invocations=7 (full 0):
 garbage-first heap   total 481280K, used 103874K [0x0000000700e00000, 0x0000000800000000)
  region size 2048K, 25 young (51200K), 4 survivors (8192K)
 Metaspace       used 19987K, committed 20288K, reserved 1073152K
  class space    used 2837K, committed 2944K, reserved 1048576K
}
Event: 6.369 GC heap after
{Heap after GC invocations=8 (full 0):
 garbage-first heap   total 481280K, used 67004K [0x0000000700e00000, 0x0000000800000000)
  region size 2048K, 4 young (8192K), 4 survivors (8192K)
 Metaspace       used 19987K, committed 20288K, reserved 1073152K
  class space    used 2837K, committed 2944K, reserved 1048576K
}
Event: 6.474 GC heap before
{Heap before GC invocations=8 (full 0):
 garbage-first heap   total 481280K, used 107964K [0x0000000700e00000, 0x0000000800000000)
  region size 2048K, 24 young (49152K), 4 survivors (8192K)
 Metaspace       used 19993K, committed 20288K, reserved 1073152K
  class space    used 2837K, committed 2944K, reserved 1048576K
}
Event: 6.495 GC heap after
{Heap after GC invocations=9 (full 0):
 garbage-first heap   total 481280K, used 71680K [0x0000000700e00000, 0x0000000800000000)
  region size 2048K, 3 young (6144K), 3 survivors (6144K)
 Metaspace       used 19993K, committed 20288K, reserved 1073152K
  class space    used 2837K, committed 2944K, reserved 1048576K
}
Event: 7.149 GC heap before
{Heap before GC invocations=9 (full 0):
 garbage-first heap   total 481280K, used 147456K [0x0000000700e00000, 0x0000000800000000)
  region size 2048K, 40 young (81920K), 3 survivors (6144K)
 Metaspace       used 20074K, committed 20352K, reserved 1073152K
  class space    used 2837K, committed 2944K, reserved 1048576K
}
Event: 7.186 GC heap after
{Heap after GC invocations=10 (full 0):
 garbage-first heap   total 481280K, used 90112K [0x0000000700e00000, 0x0000000800000000)
  region size 2048K, 5 young (10240K), 5 survivors (10240K)
 Metaspace       used 20074K, committed 20352K, reserved 1073152K
  class space    used 2837K, committed 2944K, reserved 1048576K
}
Event: 7.499 GC heap before
{Heap before GC invocations=10 (full 0):
 garbage-first heap   total 481280K, used 208896K [0x0000000700e00000, 0x0000000800000000)
  region size 2048K, 60 young (122880K), 5 survivors (10240K)
 Metaspace       used 20076K, committed 20352K, reserved 1073152K
  class space    used 2837K, committed 2944K, reserved 1048576K
}
Event: 7.557 GC heap after
{Heap after GC invocations=11 (full 0):
 garbage-first heap   total 962560K, used 128776K [0x0000000700e00000, 0x0000000800000000)
  region size 2048K, 8 young (16384K), 8 survivors (16384K)
 Metaspace       used 20076K, committed 20352K, reserved 1073152K
  class space    used 2837K, committed 2944K, reserved 1048576K
}
Event: 8.461 GC heap before
{Heap before GC invocations=11 (full 0):
 garbage-first heap   total 962560K, used 251656K [0x0000000700e00000, 0x0000000800000000)
  region size 2048K, 68 young (139264K), 8 survivors (16384K)
 Metaspace       used 20160K, committed 20416K, reserved 1073152K
  class space    used 2837K, committed 2944K, reserved 1048576K
}
Event: 8.542 GC heap after
{Heap after GC invocations=12 (full 0):
 garbage-first heap   total 962560K, used 171008K [0x0000000700e00000, 0x0000000800000000)
  region size 2048K, 9 young (18432K), 9 survivors (18432K)
 Metaspace       used 20160K, committed 20416K, reserved 1073152K
  class space    used 2837K, committed 2944K, reserved 1048576K
}
Event: 9.178 GC heap before
{Heap before GC invocations=12 (full 0):
 garbage-first heap   total 962560K, used 199680K [0x0000000700e00000, 0x0000000800000000)
  region size 2048K, 23 young (47104K), 9 survivors (18432K)
 Metaspace       used 20197K, committed 20416K, reserved 1073152K
  class space    used 2837K, committed 2944K, reserved 1048576K
}
Event: 9.212 GC heap after
{Heap after GC invocations=13 (full 0):
 garbage-first heap   total 962560K, used 174080K [0x0000000700e00000, 0x0000000800000000)
  region size 2048K, 3 young (6144K), 3 survivors (6144K)
 Metaspace       used 20197K, committed 20416K, reserved 1073152K
  class space    used 2837K, committed 2944K, reserved 1048576K
}
Event: 10.142 GC heap before
{Heap before GC invocations=13 (full 0):
 garbage-first heap   total 962560K, used 276480K [0x0000000700e00000, 0x0000000800000000)
  region size 2048K, 53 young (108544K), 3 survivors (6144K)
 Metaspace       used 20234K, committed 20480K, reserved 1073152K
  class space    used 2837K, committed 2944K, reserved 1048576K
}
Event: 10.198 GC heap after
{Heap after GC invocations=14 (full 0):
 garbage-first heap   total 962560K, used 204583K [0x0000000700e00000, 0x0000000800000000)
  region size 2048K, 7 young (14336K), 7 survivors (14336K)
 Metaspace       used 20234K, committed 20480K, reserved 1073152K
  class space    used 2837K, committed 2944K, reserved 1048576K
}
Event: 10.502 GC heap before
{Heap before GC invocations=14 (full 0):
 garbage-first heap   total 962560K, used 345895K [0x0000000700e00000, 0x0000000800000000)
  region size 2048K, 71 young (145408K), 7 survivors (14336K)
 Metaspace       used 20234K, committed 20480K, reserved 1073152K
  class space    used 2837K, committed 2944K, reserved 1048576K
}

