# JRE version: Java(TM) SE Runtime Environment (17.0.2+8) (build 17.0.2+8-LTS-86)
# Java VM: Java HotSpot(TM) 64-Bit Server VM (17.0.2+8-LTS-86, mixed mode, sharing, tiered, compressed oops, compressed class ptrs, g1 gc, windows-amd64)
GC Precious Log:
 CPUs: 4 total, 4 available
 Memory: 16322M
 Large Page Support: Disabled
 NUMA Support: Disabled
 Compressed Oops: Enabled (Zero based)
 Heap Region Size: 2M
 Heap Min Capacity: 8M
 Heap Initial Capacity: 256M
 Heap Max Capacity: 4082M
 Pre-touch: Disabled
 Parallel Workers: 4
 Concurrent Workers: 1
 Concurrent Refinement Workers: 4
 Periodic GC: Disabled
Heap:
 garbage-first heap   total 1048576K, used 231424K [0x0000000700e00000, 0x0000000800000000)
  region size 2048K, 7 young (14336K), 7 survivors (14336K)
 Metaspace       used 19756K, committed 20096K, reserved 1073152K
  class space    used 2825K, committed 3008K, reserved 1048576K
GC Heap History (20 events):
Event: 5.652 GC heap after
{Heap after GC invocations=5 (full 0):
 garbage-first heap   total 262144K, used 31822K [0x0000000700e00000, 0x0000000800000000)
  region size 2048K, 1 young (2048K), 1 survivors (2048K)
 Metaspace       used 19626K, committed 19904K, reserved 1073152K
  class space    used 2822K, committed 2944K, reserved 1048576K
}
Event: 5.695 GC heap before
{Heap before GC invocations=5 (full 0):
 garbage-first heap   total 262144K, used 42062K [0x0000000700e00000, 0x0000000800000000)
  region size 2048K, 6 young (12288K), 1 survivors (2048K)
 Metaspace       used 19632K, committed 19904K, reserved 1073152K
  class space    used 2822K, committed 2944K, reserved 1048576K
}
Event: 5.701 GC heap after
{Heap after GC invocations=6 (full 0):
 garbage-first heap   total 262144K, used 32768K [0x0000000700e00000, 0x0000000800000000)
  region size 2048K, 1 young (2048K), 1 survivors (2048K)
 Metaspace       used 19632K, committed 19904K, reserved 1073152K
  class space    used 2822K, committed 2944K, reserved 1048576K
}
Event: 5.894 GC heap before
{Heap before GC invocations=6 (full 0):
 garbage-first heap   total 262144K, used 67584K [0x0000000700e00000, 0x0000000800000000)
  region size 2048K, 18 young (36864K), 1 survivors (2048K)
 Metaspace       used 19632K, committed 19904K, reserved 1073152K
  class space    used 2822K, committed 2944K, reserved 1048576K
}
Event: 5.918 GC heap after
{Heap after GC invocations=7 (full 0):
 garbage-first heap   total 524288K, used 41069K [0x0000000700e00000, 0x0000000800000000)
  region size 2048K, 3 young (6144K), 3 survivors (6144K)
 Metaspace       used 19632K, committed 19904K, reserved 1073152K
  class space    used 2822K, committed 2944K, reserved 1048576K
}
Event: 6.215 GC heap before
{Heap before GC invocations=7 (full 0):
 garbage-first heap   total 524288K, used 106605K [0x0000000700e00000, 0x0000000800000000)
  region size 2048K, 33 young (67584K), 3 survivors (6144K)
 Metaspace       used 19681K, committed 20032K, reserved 1073152K
  class space    used 2825K, committed 3008K, reserved 1048576K
}
Event: 6.246 GC heap after
{Heap after GC invocations=8 (full 0):
 garbage-first heap   total 524288K, used 58011K [0x0000000700e00000, 0x0000000800000000)
  region size 2048K, 5 young (10240K), 5 survivors (10240K)
 Metaspace       used 19681K, committed 20032K, reserved 1073152K
  class space    used 2825K, committed 3008K, reserved 1048576K
}
Event: 6.444 GC heap before
{Heap before GC invocations=8 (full 0):
 garbage-first heap   total 524288K, used 119451K [0x0000000700e00000, 0x0000000800000000)
  region size 2048K, 35 young (71680K), 5 survivors (10240K)
 Metaspace       used 19688K, committed 20032K, reserved 1073152K
  class space    used 2825K, committed 3008K, reserved 1048576K
}
Event: 6.479 GC heap after
{Heap after GC invocations=9 (full 0):
 garbage-first heap   total 524288K, used 69361K [0x0000000700e00000, 0x0000000800000000)
  region size 2048K, 5 young (10240K), 5 survivors (10240K)
 Metaspace       used 19688K, committed 20032K, reserved 1073152K
  class space    used 2825K, committed 3008K, reserved 1048576K
}
Event: 6.957 GC heap before
{Heap before GC invocations=9 (full 0):
 garbage-first heap   total 524288K, used 116465K [0x0000000700e00000, 0x0000000800000000)
  region size 2048K, 28 young (57344K), 5 survivors (10240K)
 Metaspace       used 19702K, committed 20096K, reserved 1073152K
  class space    used 2825K, committed 3008K, reserved 1048576K
}
Event: 6.989 GC heap after
{Heap after GC invocations=10 (full 0):
 garbage-first heap   total 524288K, used 76261K [0x0000000700e00000, 0x0000000800000000)
  region size 2048K, 4 young (8192K), 4 survivors (8192K)
 Metaspace       used 19702K, committed 20096K, reserved 1073152K
  class space    used 2825K, committed 3008K, reserved 1048576K
}
Event: 7.284 GC heap before
{Heap before GC invocations=10 (full 0):
 garbage-first heap   total 524288K, used 172517K [0x0000000700e00000, 0x0000000800000000)
  region size 2048K, 48 young (98304K), 4 survivors (8192K)
 Metaspace       used 19703K, committed 20096K, reserved 1073152K
  class space    used 2825K, committed 3008K, reserved 1048576K
}
Event: 7.342 GC heap after
{Heap after GC invocations=11 (full 0):
 garbage-first heap   total 1048576K, used 105720K [0x0000000700e00000, 0x0000000800000000)
  region size 2048K, 6 young (12288K), 6 survivors (12288K)
 Metaspace       used 19703K, committed 20096K, reserved 1073152K
  class space    used 2825K, committed 3008K, reserved 1048576K
}
Event: 8.182 GC heap before
{Heap before GC invocations=11 (full 0):
 garbage-first heap   total 1048576K, used 187640K [0x0000000700e00000, 0x0000000800000000)
  region size 2048K, 46 young (94208K), 6 survivors (12288K)
 Metaspace       used 19710K, committed 20096K, reserved 1073152K
  class space    used 2825K, committed 3008K, reserved 1048576K
}
Event: 8.235 GC heap after
{Heap after GC invocations=12 (full 0):
 garbage-first heap   total 1048576K, used 131845K [0x0000000700e00000, 0x0000000800000000)
  region size 2048K, 6 young (12288K), 6 survivors (12288K)
 Metaspace       used 19710K, committed 20096K, reserved 1073152K
  class space    used 2825K, committed 3008K, reserved 1048576K
}
Event: 9.129 GC heap before
{Heap before GC invocations=12 (full 0):
 garbage-first heap   total 1048576K, used 238341K [0x0000000700e00000, 0x0000000800000000)
  region size 2048K, 58 young (118784K), 6 survivors (12288K)
 Metaspace       used 19746K, committed 20096K, reserved 1073152K
  class space    used 2825K, committed 3008K, reserved 1048576K
}
Event: 9.205 GC heap after
{Heap after GC invocations=13 (full 0):
 garbage-first heap   total 1048576K, used 174080K [0x0000000700e00000, 0x0000000800000000)
  region size 2048K, 8 young (16384K), 8 survivors (16384K)
 Metaspace       used 19746K, committed 20096K, reserved 1073152K
  class space    used 2825K, committed 3008K, reserved 1048576K
}
Event: 9.950 GC heap before
{Heap before GC invocations=13 (full 0):
 garbage-first heap   total 1048576K, used 241664K [0x0000000700e00000, 0x0000000800000000)
  region size 2048K, 41 young (83968K), 8 survivors (16384K)
 Metaspace       used 19756K, committed 20096K, reserved 1073152K
  class space    used 2825K, committed 3008K, reserved 1048576K
}
Event: 10.000 GC heap after
{Heap after GC invocations=14 (full 0):
 garbage-first heap   total 1048576K, used 194560K [0x0000000700e00000, 0x0000000800000000)
  region size 2048K, 6 young (12288K), 6 survivors (12288K)
 Metaspace       used 19756K, committed 20096K, reserved 1073152K
  class space    used 2825K, committed 3008K, reserved 1048576K
}
Event: 10.304 GC heap before
{Heap before GC invocations=14 (full 0):
 garbage-first heap   total 1048576K, used 301056K [0x0000000700e00000, 0x0000000800000000)
  region size 2048K, 53 young (108544K), 6 survivors (12288K)
 Metaspace       used 19756K, committed 20096K, reserved 1073152K
  class space    used 2825K, committed 3008K, reserved 1048576K
}

