# JRE version: Java(TM) SE Runtime Environment (17.0.2+8) (build 17.0.2+8-LTS-86)
# Java VM: Java HotSpot(TM) 64-Bit Server VM (17.0.2+8-LTS-86, mixed mode, sharing, tiered, compressed oops, compressed class ptrs, g1 gc, windows-amd64)
GC Precious Log:
 CPUs: 4 total, 4 available
 Memory: 16322M
 Large Page Support: Disabled
 NUMA Support: Disabled
 Compressed Oops: Enabled (Zero based)
 Heap Region Size: 2M
 Heap Min Capacity: 8M
 Heap Initial Capacity: 256M
 Heap Max Capacity: 4082M
 Pre-touch: Disabled
 Parallel Workers: 4
 Concurrent Workers: 1
 Concurrent Refinement Workers: 4
 Periodic GC: Disabled
Heap:
 garbage-first heap   total 1144832K, used 231424K [0x0000000700e00000, 0x0000000800000000)
  region size 2048K, 8 young (16384K), 8 survivors (16384K)
 Metaspace       used 18424K, committed 18752K, reserved 1064960K
  class space    used 2610K, committed 2752K, reserved 1048576K
GC Heap History (20 events):
Event: 11.452 GC heap after
{Heap after GC invocations=6 (full 0):
 garbage-first heap   total 262144K, used 32125K [0x0000000700e00000, 0x0000000800000000)
  region size 2048K, 1 young (2048K), 1 survivors (2048K)
 Metaspace       used 18093K, committed 18368K, reserved 1064960K
  class space    used 2568K, committed 2688K, reserved 1048576K
}
Event: 11.610 GC heap before
{Heap before GC invocations=6 (full 0):
 garbage-first heap   total 262144K, used 42365K [0x0000000700e00000, 0x0000000800000000)
  region size 2048K, 6 young (12288K), 1 survivors (2048K)
 Metaspace       used 18328K, committed 18688K, reserved 1064960K
  class space    used 2606K, committed 2752K, reserved 1048576K
}
Event: 11.616 GC heap after
{Heap after GC invocations=7 (full 0):
 garbage-first heap   total 262144K, used 32690K [0x0000000700e00000, 0x0000000800000000)
  region size 2048K, 1 young (2048K), 1 survivors (2048K)
 Metaspace       used 18328K, committed 18688K, reserved 1064960K
  class space    used 2606K, committed 2752K, reserved 1048576K
}
Event: 11.890 GC heap before
{Heap before GC invocations=7 (full 0):
 garbage-first heap   total 262144K, used 118706K [0x0000000700e00000, 0x0000000800000000)
  region size 2048K, 41 young (83968K), 1 survivors (2048K)
 Metaspace       used 18348K, committed 18688K, reserved 1064960K
  class space    used 2606K, committed 2752K, reserved 1048576K
}
Event: 11.929 GC heap after
{Heap after GC invocations=8 (full 0):
 garbage-first heap   total 538624K, used 57623K [0x0000000700e00000, 0x0000000800000000)
  region size 2048K, 6 young (12288K), 6 survivors (12288K)
 Metaspace       used 18348K, committed 18688K, reserved 1064960K
  class space    used 2606K, committed 2752K, reserved 1048576K
}
Event: 12.162 GC heap before
{Heap before GC invocations=8 (full 0):
 garbage-first heap   total 538624K, used 102679K [0x0000000700e00000, 0x0000000800000000)
  region size 2048K, 28 young (57344K), 6 survivors (12288K)
 Metaspace       used 18408K, committed 18752K, reserved 1064960K
  class space    used 2610K, committed 2752K, reserved 1048576K
}
Event: 12.203 GC heap after
{Heap after GC invocations=9 (full 0):
 garbage-first heap   total 538624K, used 62644K [0x0000000700e00000, 0x0000000800000000)
  region size 2048K, 4 young (8192K), 4 survivors (8192K)
 Metaspace       used 18408K, committed 18752K, reserved 1064960K
  class space    used 2610K, committed 2752K, reserved 1048576K
}
Event: 12.250 GC heap before
{Heap before GC invocations=9 (full 0):
 garbage-first heap   total 538624K, used 81076K [0x0000000700e00000, 0x0000000800000000)
  region size 2048K, 13 young (26624K), 4 survivors (8192K)
 Metaspace       used 18412K, committed 18752K, reserved 1064960K
  class space    used 2610K, committed 2752K, reserved 1048576K
}
Event: 12.262 GC heap after
{Heap after GC invocations=10 (full 0):
 garbage-first heap   total 538624K, used 61013K [0x0000000700e00000, 0x0000000800000000)
  region size 2048K, 2 young (4096K), 2 survivors (4096K)
 Metaspace       used 18412K, committed 18752K, reserved 1064960K
  class space    used 2610K, committed 2752K, reserved 1048576K
}
Event: 12.492 GC heap before
{Heap before GC invocations=10 (full 0):
 garbage-first heap   total 538624K, used 140885K [0x0000000700e00000, 0x0000000800000000)
  region size 2048K, 41 young (83968K), 2 survivors (4096K)
 Metaspace       used 18415K, committed 18752K, reserved 1064960K
  class space    used 2610K, committed 2752K, reserved 1048576K
}
Event: 12.532 GC heap after
{Heap after GC invocations=11 (full 0):
 garbage-first heap   total 538624K, used 80573K [0x0000000700e00000, 0x0000000800000000)
  region size 2048K, 6 young (12288K), 6 survivors (12288K)
 Metaspace       used 18415K, committed 18752K, reserved 1064960K
  class space    used 2610K, committed 2752K, reserved 1048576K
}
Event: 12.890 GC heap before
{Heap before GC invocations=11 (full 0):
 garbage-first heap   total 538624K, used 195261K [0x0000000700e00000, 0x0000000800000000)
  region size 2048K, 59 young (120832K), 6 survivors (12288K)
 Metaspace       used 18421K, committed 18752K, reserved 1064960K
  class space    used 2610K, committed 2752K, reserved 1048576K
}
Event: 13.005 GC heap after
{Heap after GC invocations=12 (full 0):
 garbage-first heap   total 1144832K, used 115153K [0x0000000700e00000, 0x0000000800000000)
  region size 2048K, 8 young (16384K), 8 survivors (16384K)
 Metaspace       used 18421K, committed 18752K, reserved 1064960K
  class space    used 2610K, committed 2752K, reserved 1048576K
}
Event: 13.308 GC heap before
{Heap before GC invocations=12 (full 0):
 garbage-first heap   total 1144832K, used 178641K [0x0000000700e00000, 0x0000000800000000)
  region size 2048K, 39 young (79872K), 8 survivors (16384K)
 Metaspace       used 18422K, committed 18752K, reserved 1064960K
  class space    used 2610K, committed 2752K, reserved 1048576K
}
Event: 13.405 GC heap after
{Heap after GC invocations=13 (full 0):
 garbage-first heap   total 1144832K, used 130024K [0x0000000700e00000, 0x0000000800000000)
  region size 2048K, 5 young (10240K), 5 survivors (10240K)
 Metaspace       used 18422K, committed 18752K, reserved 1064960K
  class space    used 2610K, committed 2752K, reserved 1048576K
}
Event: 13.809 GC heap before
{Heap before GC invocations=13 (full 0):
 garbage-first heap   total 1144832K, used 216040K [0x0000000700e00000, 0x0000000800000000)
  region size 2048K, 47 young (96256K), 5 survivors (10240K)
 Metaspace       used 18422K, committed 18752K, reserved 1064960K
  class space    used 2610K, committed 2752K, reserved 1048576K
}
Event: 13.861 GC heap after
{Heap after GC invocations=14 (full 0):
 garbage-first heap   total 1144832K, used 157696K [0x0000000700e00000, 0x0000000800000000)
  region size 2048K, 6 young (12288K), 6 survivors (12288K)
 Metaspace       used 18422K, committed 18752K, reserved 1064960K
  class space    used 2610K, committed 2752K, reserved 1048576K
}
Event: 14.167 GC heap before
{Heap before GC invocations=14 (full 0):
 garbage-first heap   total 1144832K, used 264192K [0x0000000700e00000, 0x0000000800000000)
  region size 2048K, 58 young (118784K), 6 survivors (12288K)
 Metaspace       used 18422K, committed 18752K, reserved 1064960K
  class space    used 2610K, committed 2752K, reserved 1048576K
}
Event: 14.274 GC heap after
{Heap after GC invocations=15 (full 0):
 garbage-first heap   total 1144832K, used 192512K [0x0000000700e00000, 0x0000000800000000)
  region size 2048K, 8 young (16384K), 8 survivors (16384K)
 Metaspace       used 18422K, committed 18752K, reserved 1064960K
  class space    used 2610K, committed 2752K, reserved 1048576K
}
Event: 14.698 GC heap before
{Heap before GC invocations=15 (full 0):
 garbage-first heap   total 1144832K, used 311296K [0x0000000700e00000, 0x0000000800000000)
  region size 2048K, 61 young (124928K), 8 survivors (16384K)
 Metaspace       used 18424K, committed 18752K, reserved 1064960K
  class space    used 2610K, committed 2752K, reserved 1048576K
}

